<?xml version="1.0" encoding="UTF-8"?>
<!-- Generated by org.testng.reporters.JUnitXMLReporter -->
<testsuite ignored="0" hostname="System-Alik" failures="0" tests="11" name="Default test" time="586.734" errors="0" timestamp="2022-05-29T19:19:13 IST">
  <testcase classname="com.test.Main.Main" name="searchWebCourse" time="9.974"/>
  <testcase classname="com.test.Main.Main" name="findWebCourse" time="14.688"/>
  <testcase classname="com.test.Main.Main" name="findDetails" time="1.619"/>
  <testcase classname="com.test.Main.Main" name="navigateToHome" time="5.868"/>
  <testcase classname="com.test.Main.Main" name="searchLangLearn" time="13.071"/>
  <testcase classname="com.test.Main.Main" name="langLearn" time="38.644"/>
  <testcase classname="com.test.Main.Main" name="sortByLanguage" time="317.945"/>
  <testcase classname="com.test.Main.Main" name="navigateToHomeAgain" time="74.623"/>
  <testcase classname="com.test.Main.Main" name="navigatePage" time="82.518"/>
  <testcase classname="com.test.Main.Main" name="fillForm" time="19.684"/>
  <testcase classname="com.test.Main.Main" name="fetchMessage" time="6.807"/>
</testsuite> <!-- Default test -->
