<?xml version="1.0" encoding="UTF-8"?>
<!-- Generated by org.testng.reporters.JUnitXMLReporter -->
<testsuite ignored="0" hostname="System-Alik" failures="0" tests="3" name="Test" time="38.533" errors="0" timestamp="2022-05-29T19:02:38 IST">
  <testcase classname="com.test.Main.WebDevelopment" name="searchWebCourse" time="18.306"/>
  <testcase classname="com.test.Main.WebDevelopment" name="findWebCourse" time="18.391"/>
  <testcase classname="com.test.Main.WebDevelopment" name="findDetails" time="1.47"/>
</testsuite> <!-- Test -->
